<?xml version="1.0" encoding="UTF-8"?>
<!-- Generated by org.testng.reporters.JUnitReportReporter -->
<testsuite hostname="WORKSTATION322" failures="0" tests="1" name="facebook.com.facebook.com.GoogleSearch" time="3.092" errors="0" timestamp="2021-02-04T19:23:49 EST" skipped="0">
  <testcase classname="facebook.com.facebook.com.GoogleSearch" name="Test" time="3.092"/>
  <system-out/>
</testsuite> <!-- facebook.com.facebook.com.GoogleSearch -->
