<?xml version="1.0" encoding="UTF-8"?>
<!-- Generated by org.testng.reporters.JUnitReportReporter -->
<testsuite hostname="WORKSTATION322" failures="0" tests="1" name="facebook.com.facebook.com.FacebookSearch" time="1.738" errors="0" timestamp="04 Feb 2021 06:11:52 GMT" skipped="0">
  <testcase classname="facebook.com.facebook.com.FacebookSearch" name="Test" time="1.738"/>
</testsuite> <!-- facebook.com.facebook.com.FacebookSearch -->
