<?xml version="1.0" encoding="UTF-8"?>
<!-- Generated by org.testng.reporters.JUnitReportReporter -->
<testsuite hostname="WORKSTATION322" failures="0" tests="1" name="facebook.com.facebook.com.homePage" time="5.795" errors="0" timestamp="27 Dec 2020 03:04:18 GMT" skipped="0">
  <testcase classname="facebook.com.facebook.com.homePage" name="testGoogleSearch" time="5.795"/>
</testsuite> <!-- facebook.com.facebook.com.homePage -->
